<?xml version="1.0" encoding="UTF-8"?>
<!-- Generated by org.testng.reporters.JUnitXMLReporter -->
<testsuite hostname="DESKTOP-1G9HVTV" name="TestingWorldAutomationTest" tests="10" failures="1" timestamp="8 Jul 2021 18:26:57 GMT" time="83.745" errors="0">
  <testcase name="LoginTabTest" time="0.136" classname="com.testingworld.qa.testcases.LoginTest"/>
  <testcase name="LoginTitleTest" time="0.16" classname="com.testingworld.qa.testcases.LoginTest"/>
  <testcase name="TestingWorldImageTest" time="0.309" classname="com.testingworld.qa.testcases.LoginTest"/>
  <testcase name="LoginTest" time="2.724" classname="com.testingworld.qa.testcases.LoginTest"/>
  <testcase name="verifyCustomerTitleTest" time="0.016" classname="com.testingworld.qa.testcases.CustomerTest"/>
  <testcase name="moveToActionsEditTest" time="10.352" classname="com.testingworld.qa.testcases.CustomerTest">
    <failure type="org.openqa.selenium.NoSuchElementException" message="no such element: Unable to locate element: {&amp;quot;method&amp;quot;:&amp;quot;xpath&amp;quot;,&amp;quot;selector&amp;quot;:&amp;quot;//td[text()=&amp;quot;Jaweria&amp;quot;]/following-sibling :: td[@class=&amp;quot;menu-action&amp;quot;] /a[text()=&amp;quot; Edit &amp;quot;]&amp;quot;}
  (Session info: chrome=91.0.4472.124)
For documentation on this error, please visit: http://seleniumhq.org/exceptions/no_such_element.html
Build info: version: &amp;apos;3.14.0&amp;apos;, revision: &amp;apos;aacccce0&amp;apos;, time: &amp;apos;2018-08-02T20:19:58.91Z&amp;apos;
System info: host: &amp;apos;DESKTOP-1G9HVTV&amp;apos;, ip: &amp;apos;192.168.0.183&amp;apos;, os.name: &amp;apos;Windows 10&amp;apos;, os.arch: &amp;apos;amd64&amp;apos;, os.version: &amp;apos;10.0&amp;apos;, java.version: &amp;apos;1.8.0_291&amp;apos;
Driver info: org.openqa.selenium.chrome.ChromeDriver
Capabilities {acceptInsecureCerts: false, browserName: chrome, browserVersion: 91.0.4472.124, chrome: {chromedriverVersion: 91.0.4472.19 (1bf021f248676..., userDataDir: C:\Users\Dell\AppData\Local...}, goog:chromeOptions: {debuggerAddress: localhost:51187}, javascriptEnabled: true, networkConnectionEnabled: false, pageLoadStrategy: normal, platform: WINDOWS, platformName: WINDOWS, proxy: Proxy(), setWindowRect: true, strictFileInteractability: false, timeouts: {implicit: 0, pageLoad: 300000, script: 30000}, unhandledPromptBehavior: dismiss and notify, webauthn:extension:largeBlob: true, webauthn:virtualAuthenticators: true}
Session ID: 45ec41aabcb22c930bf1270c470c990f
*** Element info: {Using=xpath, value=//td[text()=&amp;quot;Jaweria&amp;quot;]/following-sibling :: td[@class=&amp;quot;menu-action&amp;quot;] /a[text()=&amp;quot; Edit &amp;quot;]}">
      <![CDATA[org.openqa.selenium.NoSuchElementException: no such element: Unable to locate element: {"method":"xpath","selector":"//td[text()="Jaweria"]/following-sibling :: td[@class="menu-action"] /a[text()=" Edit "]"}
  (Session info: chrome=91.0.4472.124)
For documentation on this error, please visit: http://seleniumhq.org/exceptions/no_such_element.html
Build info: version: '3.14.0', revision: 'aacccce0', time: '2018-08-02T20:19:58.91Z'
System info: host: 'DESKTOP-1G9HVTV', ip: '192.168.0.183', os.name: 'Windows 10', os.arch: 'amd64', os.version: '10.0', java.version: '1.8.0_291'
Driver info: org.openqa.selenium.chrome.ChromeDriver
Capabilities {acceptInsecureCerts: false, browserName: chrome, browserVersion: 91.0.4472.124, chrome: {chromedriverVersion: 91.0.4472.19 (1bf021f248676..., userDataDir: C:\Users\Dell\AppData\Local...}, goog:chromeOptions: {debuggerAddress: localhost:51187}, javascriptEnabled: true, networkConnectionEnabled: false, pageLoadStrategy: normal, platform: WINDOWS, platformName: WINDOWS, proxy: Proxy(), setWindowRect: true, strictFileInteractability: false, timeouts: {implicit: 0, pageLoad: 300000, script: 30000}, unhandledPromptBehavior: dismiss and notify, webauthn:extension:largeBlob: true, webauthn:virtualAuthenticators: true}
Session ID: 45ec41aabcb22c930bf1270c470c990f
*** Element info: {Using=xpath, value=//td[text()="Jaweria"]/following-sibling :: td[@class="menu-action"] /a[text()=" Edit "]}
	at org.openqa.selenium.remote.http.W3CHttpResponseCodec.createException(W3CHttpResponseCodec.java:187)
	at org.openqa.selenium.remote.http.W3CHttpResponseCodec.decode(W3CHttpResponseCodec.java:122)
	at org.openqa.selenium.remote.http.W3CHttpResponseCodec.decode(W3CHttpResponseCodec.java:49)
	at org.openqa.selenium.remote.HttpCommandExecutor.execute(HttpCommandExecutor.java:158)
	at org.openqa.selenium.remote.service.DriverCommandExecutor.execute(DriverCommandExecutor.java:83)
	at org.openqa.selenium.remote.RemoteWebDriver.execute(RemoteWebDriver.java:548)
	at org.openqa.selenium.remote.RemoteWebDriver.findElement(RemoteWebDriver.java:322)
	at org.openqa.selenium.remote.RemoteWebDriver.findElementByXPath(RemoteWebDriver.java:424)
	at org.openqa.selenium.By$ByXPath.findElement(By.java:353)
	at org.openqa.selenium.remote.RemoteWebDriver.findElement(RemoteWebDriver.java:314)
	at org.openqa.selenium.support.events.EventFiringWebDriver.lambda$new$1(EventFiringWebDriver.java:105)
	at com.sun.proxy.$Proxy6.findElement(Unknown Source)
	at org.openqa.selenium.support.events.EventFiringWebDriver.findElement(EventFiringWebDriver.java:194)
	at com.testingworld.qa.pages.Customer.moveToActionsEdit(Customer.java:32)
	at com.testingworld.qa.testcases.CustomerTest.moveToActionsEditTest(CustomerTest.java:48)
... Removed 31 stack frames]]>
    </failure>
  </testcase> <!-- moveToActionsEditTest -->
  <testcase name="verifyHomeTitleTest" time="0.013" classname="com.testingworld.qa.testcases.HomeTest"/>
  <testcase name="verifyUsernameTest" time="0.092" classname="com.testingworld.qa.testcases.HomeTest"/>
  <testcase name="clickMyAccountTest" time="0.122" classname="com.testingworld.qa.testcases.HomeTest"/>
  <testcase name="clickManageCustomerTest" time="0.907" classname="com.testingworld.qa.testcases.HomeTest"/>
</testsuite> <!-- TestingWorldAutomationTest -->
